<?xml version="1.0" encoding="UTF-8"?>
<testsuite xmlns:xsi="http://www.w3.org/2001/XMLSchema-instance" xsi:noNamespaceSchemaLocation="https://maven.apache.org/surefire/maven-surefire-plugin/xsd/surefire-test-report-3.0.xsd" version="3.0" name="com.sazzad.SpringBootJasperReportApplicationTests" time="6.679" tests="1" errors="0" skipped="0" failures="0">
  <properties>
[...]
</properties>
  <testcase name="contextLoads" classname="com.sazzad.SpringBootJasperReportApplicationTests" time="0.872">
    <system-out><![CDATA[Standard Commons Logging discovery in action with spring-jcl: please remove commons-logging.jar from classpath in order to avoid potential conflicts
17:23:43.494 [main] INFO org.springframework.test.context.support.AnnotationConfigContextLoaderUtils -- Could not detect default configuration classes for test class [com.sazzad.SpringBootJasperReportApplicationTests]: SpringBootJasperReportApplicationTests does not declare any static, non-private, non-final, nested classes annotated with @Configuration.
17:23:43.669 [main] INFO org.springframework.boot.test.context.SpringBootTestContextBootstrapper -- Found @SpringBootConfiguration com.sazzad.SpringBootJasperReportApplication for test class com.sazzad.SpringBootJasperReportApplicationTests

  .   ____          _            __ _ _
 /\\ / ___'_ __ _ _(_)_ __  __ _ \ \ \ \
( ( )\___ | '_ | '_| | '_ \/ _` | \ \ \ \
 \\/  ___)| |_)| | | | | || (_| |  ) ) ) )
  '  |____| .__|_| |_|_| |_\__, | / / / /
 =========|_|==============|___/=/_/_/_/
 :: Spring Boot ::                (v3.1.3)

2025-03-13T17:23:44.291+06:00  INFO 2576 --- [           main] s.SpringBootJasperReportApplicationTests : Starting SpringBootJasperReportApplicationTests using Java 17.0.11 with PID 2576 (started by tttm in E:\Tushar-Zit\Spring Boot Project\Spring_Boot_Jasper_Report-main\Spring_Boot_Jasper_Report-main)
2025-03-13T17:23:44.294+06:00  INFO 2576 --- [           main] s.SpringBootJasperReportApplicationTests : No active profile set, falling back to 1 default profile: "default"
2025-03-13T17:23:45.326+06:00  INFO 2576 --- [           main] .s.d.r.c.RepositoryConfigurationDelegate : Multiple Spring Data modules found, entering strict repository configuration mode
2025-03-13T17:23:45.328+06:00  INFO 2576 --- [           main] .s.d.r.c.RepositoryConfigurationDelegate : Bootstrapping Spring Data JDBC repositories in DEFAULT mode.
2025-03-13T17:23:45.398+06:00  INFO 2576 --- [           main] .s.d.r.c.RepositoryConfigurationDelegate : Finished Spring Data repository scanning in 65 ms. Found 0 JDBC repository interfaces.
2025-03-13T17:23:45.411+06:00  INFO 2576 --- [           main] .s.d.r.c.RepositoryConfigurationDelegate : Multiple Spring Data modules found, entering strict repository configuration mode
2025-03-13T17:23:45.412+06:00  INFO 2576 --- [           main] .s.d.r.c.RepositoryConfigurationDelegate : Bootstrapping Spring Data JPA repositories in DEFAULT mode.
2025-03-13T17:23:45.435+06:00  INFO 2576 --- [           main] .s.d.r.c.RepositoryConfigurationDelegate : Finished Spring Data repository scanning in 18 ms. Found 0 JPA repository interfaces.
2025-03-13T17:23:46.200+06:00  INFO 2576 --- [           main] o.hibernate.jpa.internal.util.LogHelper  : HHH000204: Processing PersistenceUnitInfo [name: default]
2025-03-13T17:23:46.261+06:00  INFO 2576 --- [           main] org.hibernate.Version                    : HHH000412: Hibernate ORM core version 6.2.7.Final
2025-03-13T17:23:46.265+06:00  INFO 2576 --- [           main] org.hibernate.cfg.Environment            : HHH000406: Using bytecode reflection optimizer
2025-03-13T17:23:46.503+06:00  INFO 2576 --- [           main] o.h.b.i.BytecodeProviderInitiator        : HHH000021: Bytecode provider name : bytebuddy
2025-03-13T17:23:46.673+06:00  INFO 2576 --- [           main] o.s.o.j.p.SpringPersistenceUnitInfo      : No LoadTimeWeaver setup: ignoring JPA class transformer
2025-03-13T17:23:46.696+06:00  INFO 2576 --- [           main] com.zaxxer.hikari.HikariDataSource       : HikariPool-1 - Starting...
2025-03-13T17:23:47.552+06:00  INFO 2576 --- [           main] com.zaxxer.hikari.pool.HikariPool        : HikariPool-1 - Added connection ConnectionID:1 ClientConnectionId: 98c793b1-e423-414a-8d7e-02ba93b40140
2025-03-13T17:23:47.554+06:00  INFO 2576 --- [           main] com.zaxxer.hikari.HikariDataSource       : HikariPool-1 - Start completed.
2025-03-13T17:23:47.822+06:00  INFO 2576 --- [           main] o.h.b.i.BytecodeProviderInitiator        : HHH000021: Bytecode provider name : bytebuddy
2025-03-13T17:23:48.026+06:00  INFO 2576 --- [           main] o.h.e.t.j.p.i.JtaPlatformInitiator       : HHH000490: Using JtaPlatform implementation: [org.hibernate.engine.transaction.jta.platform.internal.NoJtaPlatform]
2025-03-13T17:23:48.032+06:00  INFO 2576 --- [           main] j.LocalContainerEntityManagerFactoryBean : Initialized JPA EntityManagerFactory for persistence unit 'default'
2025-03-13T17:23:48.305+06:00  WARN 2576 --- [           main] JpaBaseConfiguration$JpaWebConfiguration : spring.jpa.open-in-view is enabled by default. Therefore, database queries may be performed during view rendering. Explicitly configure spring.jpa.open-in-view to disable this warning
2025-03-13T17:23:48.938+06:00  WARN 2576 --- [           main] o.s.data.convert.CustomConversions       : Registering converter from class microsoft.sql.DateTimeOffset to class java.time.OffsetDateTime as reading converter although it doesn't convert from a store-supported type; You might want to check your annotation setup at the converter implementation
2025-03-13T17:23:49.084+06:00  INFO 2576 --- [           main] s.SpringBootJasperReportApplicationTests : Started SpringBootJasperReportApplicationTests in 5.197 seconds (process running for 6.951)
]]></system-out>
  </testcase>
</testsuite>